4.0.7
2019-04-19
1.触发设备工单、消息同时推送告警

4.0.6
2019-04-19
1.视频ip改为localhost

4.0.5
2019-04-18
1.解决第二次进入地图，放大后位置偏移的问题
2.视频播放不出来

4.0.4
2019-04-18
1.修改bug:1606,1607,1620,1622,1623,1624,1615,

4.0.3
2019-04-18
功能完善
1.视频ip变更

4.0.2
2019-04-17
功能提测
1.解决地图悬浮效果失效
2.地图右侧列表展示效果修改
3.水质 - 一周浑浊度展示效果修改
4.完善空气和水质数据和zoom未同步
5.完善消息推送告警
6.完善工单推送告警
7.完善工单详情图片
8.停车CAD弹框
9.烟感右侧告警列表点击显示视频
10.烟感模块、停车模块样式
11.告警信息去除燃气，红外，样式修改
12.列表去除应急车道，燃气，红外，灯杆
13.设备类型不勾选，不可点击
14.列表展开滚动到相应位置
15.地图点圆圈改小

4.0.1
2019-04-12
功能提测
1.首页 - 噪音，垃圾桶，井盖，地图点聚合，缩放，3d地图图片，地图右侧列表概况，告警信息
2.数据
所有功能已开发完毕

1.0.1
2019-04-10
功能提测
1.工单 - 列表、查看、完成
2.消息 - 列表、详情、消息确认、消息取消
3.首页 - 烟感模块、停车模块、消防栓帽模块、空气模块 水质模块
